2021-07-28 14:04:23 [info] [微信调度:2021-07-28 14:04:23] ======: start login!!
2021-07-28 14:05:18 [info] [微信调度:2021-07-28 14:05:18] ======: start login!!
2021-07-28 14:06:00 [info] [微信调度:2021-07-28 14:06:00] ======: start login!!
2021-07-28 14:07:08 [info] [微信调度:2021-07-28 14:07:08] ======: start login!!
2021-07-28 14:08:22 [info] [微信调度:2021-07-28 14:08:22] ======: start login!!
2021-07-28 14:08:23 [info] [微信调度:2021-07-28 14:08:23] ======: 下载二维码成功
2021-07-28 14:09:01 [info] [微信调度:2021-07-28 14:09:01] ======: start login!!
2021-07-28 14:09:02 [info] [微信调度:2021-07-28 14:09:02] ======: 下载二维码成功
2021-07-28 14:09:03 [info] [微信调度:2021-07-28 14:09:03] ======: 请打开二维码，用微信扫码
2021-07-28 14:09:05 [info] [微信调度:2021-07-28 14:09:05] ======: 请打开二维码，用微信扫码
2021-07-28 14:09:07 [info] [微信调度:2021-07-28 14:09:07] ======: 请打开二维码，用微信扫码
2021-07-28 14:09:09 [info] [微信调度:2021-07-28 14:09:09] ======: 请打开二维码，用微信扫码
2021-07-28 14:09:12 [info] [微信调度:2021-07-28 14:09:12] ======: 请打开二维码，用微信扫码
2021-07-28 14:09:14 [info] [微信调度:2021-07-28 14:09:14] ======: 请打开二维码，用微信扫码
2021-07-28 14:09:16 [info] [微信调度:2021-07-28 14:09:16] ======: 请打开二维码，用微信扫码
2021-07-28 14:09:18 [info] [微信调度:2021-07-28 14:09:18] ======: 请打开二维码，用微信扫码
2021-07-28 14:09:20 [info] [微信调度:2021-07-28 14:09:20] ======: 已经扫码
2021-07-28 14:09:23 [info] [微信调度:2021-07-28 14:09:23] ======: Login success
2021-07-28 14:09:23 [info] [微信调度:2021-07-28 14:09:23] ======: 开始验证
2021-07-28 14:09:23 [info] [微信调度:2021-07-28 14:09:23] ======: Array
(
    [base_resp] => Array
        (
            [err_msg] => ok
            [ret] => 0
        )

    [redirect_url] => /cgi-bin/home?t=home/index&lang=zh_CN&token=2015281646
)

2021-07-28 14:09:23 [info] [微信调度:2021-07-28 14:09:23] ======: 验证成功,token: 2015281646
